Word:      '
'
Documento: '000.xml'
Path:      '/article[1]'

Word:      'A1003'
Documento: '000.xml'
Path:      '/article[1]/fno[1]'

Word:      '
'
Documento: '000.xml'
Path:      '/article[1]'

Word:      '10.1041/A1003s-1995'
Documento: '000.xml'
Path:      '/article[1]/doi[1]'

Word:      '
'
Documento: '000.xml'
Path:      '/article[1]'

Word:      'IEEE'
Documento: '000.xml'
Path:      '/article[1]/fm[1]/hdr[1]/hdr1[1]/ti[1]'

Word:      'Annals'
Documento: '000.xml'
Path:      '/article[1]/fm[1]/hdr[1]/hdr1[1]/ti[1]'

Word:      'of'
Documento: '000.xml'
Path:      '/article[1]/fm[1]/hdr[1]/hdr1[1]/ti[1]'

Word:      'the'
Documento: '000.xml'
Path:      '/article[1]/fm[1]/hdr[1]/hdr1[1]/ti[1]'

Word:      'History'
Documento: '000.xml'
Path:      '/article[1]/fm[1]/hdr[1]/hdr1[1]/ti[1]'

Word:      'of'
Documento: '000.xml'
Path:      '/article[1]/fm[1]/hdr[1]/hdr1[1]/ti[1]'

Word:      'Computing'
Documento: '000.xml'
Path:      '/article[1]/fm[1]/hdr[1]/hdr1[1]/ti[1]'

Word:      '
'
Documento: '000.xml'
Path:      '/article[1]/fm[1]/hdr[1]/hdr1[1]'

Word:      '1058-6180'
Documento: '000.xml'
Path:      '/article[1]/fm[1]/hdr[1]/hdr1[1]/crt[1]/issn[1]'

Word:      '/95/$4.00'
Documento: '000.xml'
Path:      '/article[1]/fm[1]/hdr[1]/hdr1[1]/crt[1]'

Word:      '1995'
Documento: '000.xml'
Path:      '/article[1]/fm[1]/hdr[1]/hdr1[1]/crt[1]/cci[1]/onm[1]'

Word:      'IEEE'
Documento: '000.xml'
Path:      '/article[1]/fm[1]/hdr[1]/hdr1[1]/crt[1]/cci[1]/onm[1]'

Word:      '
'
Documento: '000.xml'
Path:      '/article[1]/fm[1]/hdr[1]'

Word:      'Vol.'
Documento: '000.xml'
Path:      '/article[1]/fm[1]/hdr[1]/hdr2[1]/obi[1]/volno[1]'

Word:      '17'
Documento: '000.xml'
Path:      '/article[1]/fm[1]/hdr[1]/hdr2[1]/obi[1]/volno[1]'

Word:      ','
Documento: '000.xml'
Path:      '/article[1]/fm[1]/hdr[1]/hdr2[1]/obi[1]'

Word:      'No.'
Documento: '000.xml'
Path:      '/article[1]/fm[1]/hdr[1]/hdr2[1]/obi[1]/issno[1]'

Word:      '1'
Documento: '000.xml'
Path:      '/article[1]/fm[1]/hdr[1]/hdr2[1]/obi[1]/issno[1]'

Word:      '
'
Documento: '000.xml'
Path:      '/article[1]/fm[1]/hdr[1]/hdr2[1]'

Word:      'Spring'
Documento: '000.xml'
Path:      '/article[1]/fm[1]/hdr[1]/hdr2[1]/pdt[1]/mo[1]'

Word:      '1995'
Documento: '000.xml'
Path:      '/article[1]/fm[1]/hdr[1]/hdr2[1]/pdt[1]/yr[1]'

Word:      '
'
Documento: '000.xml'
Path:      '/article[1]/fm[1]/hdr[1]/hdr2[1]'

Word:      'pp.'
Documento: '000.xml'
Path:      '/article[1]/fm[1]/hdr[1]/hdr2[1]/pp[1]'

Word:      '3-3'
Documento: '000.xml'
Path:      '/article[1]/fm[1]/hdr[1]/hdr2[1]/pp[1]'

Word:      '
'
Documento: '000.xml'
Path:      '/article[1]/fm[1]'

Word:      '
'
Documento: '000.xml'
Path:      '/article[1]/fm[1]/tig[1]'

Word:      'About'
Documento: '000.xml'
Path:      '/article[1]/fm[1]/tig[1]/atl[1]'

Word:      'this'
Documento: '000.xml'
Path:      '/article[1]/fm[1]/tig[1]/atl[1]'

Word:      'Issue'
Documento: '000.xml'
Path:      '/article[1]/fm[1]/tig[1]/atl[1]'

Word:      'pp.'
Documento: '000.xml'
Path:      '/article[1]/fm[1]/tig[1]/pn[1]'

Word:      '3-3'
Documento: '000.xml'
Path:      '/article[1]/fm[1]/tig[1]/pn[1]'

Word:      '
'
Documento: '000.xml'
Path:      '/article[1]/fm[1]'

Word:      'J.A.N.'
Documento: '000.xml'
Path:      '/article[1]/fm[1]/au[1]/fnm[1]'

Word:      'Lee'
Documento: '000.xml'
Path:      '/article[1]/fm[1]/au[1]/snm[1]'

Word:      'Editor'
Documento: '000.xml'
Path:      '/article[1]/fm[1]/au[1]/role[1]'

Word:      'in'
Documento: '000.xml'
Path:      '/article[1]/fm[1]/au[1]/role[1]'

Word:      'Chief'
Documento: '000.xml'
Path:      '/article[1]/fm[1]/au[1]/role[1]'

Word:      '
'
Documento: '000.xml'
Path:      '/article[1]/fm[1]'

Word:      '
'
Documento: '000.xml'
Path:      '/article[1]'

Word:      '
'
Documento: '000.xml'
Path:      '/article[1]/bdy[1]'

Word:      'The'
Documento: '000.xml'
Path:      '/article[1]/bdy[1]/p[1]'

Word:      'first'
Documento: '000.xml'
Path:      '/article[1]/bdy[1]/p[1]'

Word:      'issue'
Documento: '000.xml'
Path:      '/article[1]/bdy[1]/p[1]'

Word:      'of'
Documento: '000.xml'
Path:      '/article[1]/bdy[1]/p[1]'

Word:      'our'
Documento: '000.xml'
Path:      '/article[1]/bdy[1]/p[1]'

Word:      '17th'
Documento: '000.xml'
Path:      '/article[1]/bdy[1]/p[1]'

Word:      'volume'
Documento: '000.xml'
Path:      '/article[1]/bdy[1]/p[1]'

Word:      'is'
Documento: '000.xml'
Path:      '/article[1]/bdy[1]/p[1]'

Word:      'as'
Documento: '000.xml'
Path:      '/article[1]/bdy[1]/p[1]'

Word:      'diverse'
Documento: '000.xml'
Path:      '/article[1]/bdy[1]/p[1]'

Word:      'in'
Documento: '000.xml'
Path:      '/article[1]/bdy[1]/p[1]'

Word:      'topics'
Documento: '000.xml'
Path:      '/article[1]/bdy[1]/p[1]'

Word:      'as'
Documento: '000.xml'
Path:      '/article[1]/bdy[1]/p[1]'

Word:      'any'
Documento: '000.xml'
Path:      '/article[1]/bdy[1]/p[1]'

Word:      'nontheme'
Documento: '000.xml'
Path:      '/article[1]/bdy[1]/p[1]'

Word:      'issue'
Documento: '000.xml'
Path:      '/article[1]/bdy[1]/p[1]'

Word:      'that'
Documento: '000.xml'
Path:      '/article[1]/bdy[1]/p[1]'

Word:      'we'
Documento: '000.xml'
Path:      '/article[1]/bdy[1]/p[1]'

Word:      'have'
Documento: '000.xml'
Path:      '/article[1]/bdy[1]/p[1]'

Word:      'tried'
Documento: '000.xml'
Path:      '/article[1]/bdy[1]/p[1]'

Word:      'to'
Documento: '000.xml'
Path:      '/article[1]/bdy[1]/p[1]'

Word:      'present'
Documento: '000.xml'
Path:      '/article[1]/bdy[1]/p[1]'

Word:      'over'
Documento: '000.xml'
Path:      '/article[1]/bdy[1]/p[1]'

Word:      'the'
Documento: '000.xml'
Path:      '/article[1]/bdy[1]/p[1]'

Word:      'past'
Documento: '000.xml'
Path:      '/article[1]/bdy[1]/p[1]'

Word:      'many'
Documento: '000.xml'
Path:      '/article[1]/bdy[1]/p[1]'

Word:      'years.'
Documento: '000.xml'
Path:      '/article[1]/bdy[1]/p[1]'

Word:      'However,'
Documento: '000.xml'
Path:      '/article[1]/bdy[1]/p[1]'

Word:      'it'
Documento: '000.xml'
Path:      '/article[1]/bdy[1]/p[1]'

Word:      'still'
Documento: '000.xml'
Path:      '/article[1]/bdy[1]/p[1]'

Word:      'represents'
Documento: '000.xml'
Path:      '/article[1]/bdy[1]/p[1]'

Word:      'the'
Documento: '000.xml'
Path:      '/article[1]/bdy[1]/p[1]'

Word:      'work'
Documento: '000.xml'
Path:      '/article[1]/bdy[1]/p[1]'

Word:      'of'
Documento: '000.xml'
Path:      '/article[1]/bdy[1]/p[1]'

Word:      'the'
Documento: '000.xml'
Path:      '/article[1]/bdy[1]/p[1]'

Word:      'Englishspeaking'
Documento: '000.xml'
Path:      '/article[1]/bdy[1]/p[1]'

Word:      'world'
Documento: '000.xml'
Path:      '/article[1]/bdy[1]/p[1]'

Word:      'of'
Documento: '000.xml'
Path:      '/article[1]/bdy[1]/p[1]'

Word:      'the'
Documento: '000.xml'
Path:      '/article[1]/bdy[1]/p[1]'

Word:      'North'
Documento: '000.xml'
Path:      '/article[1]/bdy[1]/p[1]'

Word:      'Atlantic'
Documento: '000.xml'
Path:      '/article[1]/bdy[1]/p[1]'

Word:      'rather'
Documento: '000.xml'
Path:      '/article[1]/bdy[1]/p[1]'

Word:      'than'
Documento: '000.xml'
Path:      '/article[1]/bdy[1]/p[1]'

Word:      'a'
Documento: '000.xml'
Path:      '/article[1]/bdy[1]/p[1]'

Word:      'broader'
Documento: '000.xml'
Path:      '/article[1]/bdy[1]/p[1]'

Word:      'picture'
Documento: '000.xml'
Path:      '/article[1]/bdy[1]/p[1]'

Word:      'of'
Documento: '000.xml'
Path:      '/article[1]/bdy[1]/p[1]'

Word:      'computing'
Documento: '000.xml'
Path:      '/article[1]/bdy[1]/p[1]'

Word:      'in'
Documento: '000.xml'
Path:      '/article[1]/bdy[1]/p[1]'

Word:      'the'
Documento: '000.xml'
Path:      '/article[1]/bdy[1]/p[1]'

Word:      'whole'
Documento: '000.xml'
Path:      '/article[1]/bdy[1]/p[1]'

Word:      'world.'
Documento: '000.xml'
Path:      '/article[1]/bdy[1]/p[1]'

Word:      'The'
Documento: '000.xml'
Path:      '/article[1]/bdy[1]/p[1]'

Word:      'Editorial'
Documento: '000.xml'
Path:      '/article[1]/bdy[1]/p[1]'

Word:      'Board'
Documento: '000.xml'
Path:      '/article[1]/bdy[1]/p[1]'

Word:      'and'
Documento: '000.xml'
Path:      '/article[1]/bdy[1]/p[1]'

Word:      'the'
Documento: '000.xml'
Path:      '/article[1]/bdy[1]/p[1]'

Word:      'article'
Documento: '000.xml'
Path:      '/article[1]/bdy[1]/p[1]'

Word:      'editors'
Documento: '000.xml'
Path:      '/article[1]/bdy[1]/p[1]'

Word:      'of'
Documento: '000.xml'
Path:      '/article[1]/bdy[1]/p[1]'

Word:      'the'
Documento: '000.xml'
Path:      '/article[1]/bdy[1]/p[1]'

Word:      'Annals'
Documento: '000.xml'
Path:      '/article[1]/bdy[1]/p[1]/it[1]'

Word:      '
are'
Documento: '000.xml'
Path:      '/article[1]/bdy[1]/p[1]'

Word:      'doing'
Documento: '000.xml'
Path:      '/article[1]/bdy[1]/p[1]'

Word:      'their'
Documento: '000.xml'
Path:      '/article[1]/bdy[1]/p[1]'

Word:      'best'
Documento: '000.xml'
Path:      '/article[1]/bdy[1]/p[1]'

Word:      'to'
Documento: '000.xml'
Path:      '/article[1]/bdy[1]/p[1]'

Word:      'bring'
Documento: '000.xml'
Path:      '/article[1]/bdy[1]/p[1]'

Word:      'the'
Documento: '000.xml'
Path:      '/article[1]/bdy[1]/p[1]'

Word:      'history'
Documento: '000.xml'
Path:      '/article[1]/bdy[1]/p[1]'

Word:      'of'
Documento: '000.xml'
Path:      '/article[1]/bdy[1]/p[1]'

Word:      'the'
Documento: '000.xml'
Path:      '/article[1]/bdy[1]/p[1]'

Word:      'whole'
Documento: '000.xml'
Path:      '/article[1]/bdy[1]/p[1]'

Word:      'world'
Documento: '000.xml'
Path:      '/article[1]/bdy[1]/p[1]'

Word:      'of'
Documento: '000.xml'
Path:      '/article[1]/bdy[1]/p[1]'

Word:      'computing'
Documento: '000.xml'
Path:      '/article[1]/bdy[1]/p[1]'

Word:      'to'
Documento: '000.xml'
Path:      '/article[1]/bdy[1]/p[1]'

Word:      'our'
Documento: '000.xml'
Path:      '/article[1]/bdy[1]/p[1]'

Word:      'readers,'
Documento: '000.xml'
Path:      '/article[1]/bdy[1]/p[1]'

Word:      'but'
Documento: '000.xml'
Path:      '/article[1]/bdy[1]/p[1]'

Word:      'it'
Documento: '000.xml'
Path:      '/article[1]/bdy[1]/p[1]'

Word:      'does'
Documento: '000.xml'
Path:      '/article[1]/bdy[1]/p[1]'

Word:      'require'
Documento: '000.xml'
Path:      '/article[1]/bdy[1]/p[1]'

Word:      'authors'
Documento: '000.xml'
Path:      '/article[1]/bdy[1]/p[1]'

Word:      'in'
Documento: '000.xml'
Path:      '/article[1]/bdy[1]/p[1]'

Word:      'other'
Documento: '000.xml'
Path:      '/article[1]/bdy[1]/p[1]'

Word:      'countries'
Documento: '000.xml'
Path:      '/article[1]/bdy[1]/p[1]'

Word:      'to'
Documento: '000.xml'
Path:      '/article[1]/bdy[1]/p[1]'

Word:      'offer'
Documento: '000.xml'
Path:      '/article[1]/bdy[1]/p[1]'

Word:      'their'
Documento: '000.xml'
Path:      '/article[1]/bdy[1]/p[1]'

Word:      'manuscripts'
Documento: '000.xml'
Path:      '/article[1]/bdy[1]/p[1]'

Word:      'for'
Documento: '000.xml'
Path:      '/article[1]/bdy[1]/p[1]'

Word:      'our'
Documento: '000.xml'
Path:      '/article[1]/bdy[1]/p[1]'

Word:      'consideration.'
Documento: '000.xml'
Path:      '/article[1]/bdy[1]/p[1]'

Word:      'Please'
Documento: '000.xml'
Path:      '/article[1]/bdy[1]/p[1]'

Word:      'take'
Documento: '000.xml'
Path:      '/article[1]/bdy[1]/p[1]'

Word:      'this'
Documento: '000.xml'
Path:      '/article[1]/bdy[1]/p[1]'

Word:      'as'
Documento: '000.xml'
Path:      '/article[1]/bdy[1]/p[1]'

Word:      'an'
Documento: '000.xml'
Path:      '/article[1]/bdy[1]/p[1]'

Word:      'open'
Documento: '000.xml'
Path:      '/article[1]/bdy[1]/p[1]'

Word:      'invitation'
Documento: '000.xml'
Path:      '/article[1]/bdy[1]/p[1]'

Word:      'to'
Documento: '000.xml'
Path:      '/article[1]/bdy[1]/p[1]'

Word:      'authors'
Documento: '000.xml'
Path:      '/article[1]/bdy[1]/p[1]'

Word:      'in'
Documento: '000.xml'
Path:      '/article[1]/bdy[1]/p[1]'

Word:      'other'
Documento: '000.xml'
Path:      '/article[1]/bdy[1]/p[1]'

Word:      'parts'
Documento: '000.xml'
Path:      '/article[1]/bdy[1]/p[1]'

Word:      'of'
Documento: '000.xml'
Path:      '/article[1]/bdy[1]/p[1]'

Word:      'the'
Documento: '000.xml'
Path:      '/article[1]/bdy[1]/p[1]'

Word:      'world'
Documento: '000.xml'
Path:      '/article[1]/bdy[1]/p[1]'

Word:      'to'
Documento: '000.xml'
Path:      '/article[1]/bdy[1]/p[1]'

Word:      'submit'
Documento: '000.xml'
Path:      '/article[1]/bdy[1]/p[1]'

Word:      'papers'
Documento: '000.xml'
Path:      '/article[1]/bdy[1]/p[1]'

Word:      'to'
Documento: '000.xml'
Path:      '/article[1]/bdy[1]/p[1]'

Word:      'the'
Documento: '000.xml'
Path:      '/article[1]/bdy[1]/p[1]'

Word:      'Annals'
Documento: '000.xml'
Path:      '/article[1]/bdy[1]/p[1]/it[2]'

Word:      '
for'
Documento: '000.xml'
Path:      '/article[1]/bdy[1]/p[1]'

Word:      'review'
Documento: '000.xml'
Path:      '/article[1]/bdy[1]/p[1]'

Word:      'and'
Documento: '000.xml'
Path:      '/article[1]/bdy[1]/p[1]'

Word:      'help'
Documento: '000.xml'
Path:      '/article[1]/bdy[1]/p[1]'

Word:      'us'
Documento: '000.xml'
Path:      '/article[1]/bdy[1]/p[1]'

Word:      'to'
Documento: '000.xml'
Path:      '/article[1]/bdy[1]/p[1]'

Word:      'follow'
Documento: '000.xml'
Path:      '/article[1]/bdy[1]/p[1]'

Word:      'the'
Documento: '000.xml'
Path:      '/article[1]/bdy[1]/p[1]'

Word:      'lead'
Documento: '000.xml'
Path:      '/article[1]/bdy[1]/p[1]'

Word:      'of'
Documento: '000.xml'
Path:      '/article[1]/bdy[1]/p[1]'

Word:      'our'
Documento: '000.xml'
Path:      '/article[1]/bdy[1]/p[1]'

Word:      'parent'
Documento: '000.xml'
Path:      '/article[1]/bdy[1]/p[1]'

Word:      'organization'
Documento: '000.xml'
Path:      '/article[1]/bdy[1]/p[1]'

Word:      'in'
Documento: '000.xml'
Path:      '/article[1]/bdy[1]/p[1]'

Word:      'being'
Documento: '000.xml'
Path:      '/article[1]/bdy[1]/p[1]'

Word:      'the'
Documento: '000.xml'
Path:      '/article[1]/bdy[1]/p[1]'

Word:      'The'
Documento: '000.xml'
Path:      '/article[1]/bdy[1]/p[1]'

Word:      'Worlds'
Documento: '000.xml'
Path:      '/article[1]/bdy[1]/p[1]'

Word:      'Computer'
Documento: '000.xml'
Path:      '/article[1]/bdy[1]/p[1]'

Word:      'Society.'
Documento: '000.xml'
Path:      '/article[1]/bdy[1]/p[1]'

Word:      '
'
Documento: '000.xml'
Path:      '/article[1]/bdy[1]'

Word:      'The'
Documento: '000.xml'
Path:      '/article[1]/bdy[1]/p[2]'

Word:      'five'
Documento: '000.xml'
Path:      '/article[1]/bdy[1]/p[2]'

Word:      'major'
Documento: '000.xml'
Path:      '/article[1]/bdy[1]/p[2]'

Word:      'articles'
Documento: '000.xml'
Path:      '/article[1]/bdy[1]/p[2]'

Word:      'in'
Documento: '000.xml'
Path:      '/article[1]/bdy[1]/p[2]'

Word:      'this'
Documento: '000.xml'
Path:      '/article[1]/bdy[1]/p[2]'

Word:      'issue'
Documento: '000.xml'
Path:      '/article[1]/bdy[1]/p[2]'

Word:      'represent'
Documento: '000.xml'
Path:      '/article[1]/bdy[1]/p[2]'

Word:      'several'
Documento: '000.xml'
Path:      '/article[1]/bdy[1]/p[2]'

Word:      'manuscripts'
Documento: '000.xml'
Path:      '/article[1]/bdy[1]/p[2]'

Word:      'that'
Documento: '000.xml'
Path:      '/article[1]/bdy[1]/p[2]'

Word:      'have'
Documento: '000.xml'
Path:      '/article[1]/bdy[1]/p[2]'

Word:      'been'
Documento: '000.xml'
Path:      '/article[1]/bdy[1]/p[2]'

Word:      'in'
Documento: '000.xml'
Path:      '/article[1]/bdy[1]/p[2]'

Word:      'our'
Documento: '000.xml'
Path:      '/article[1]/bdy[1]/p[2]'

Word:      'files'
Documento: '000.xml'
Path:      '/article[1]/bdy[1]/p[2]'

Word:      'for'
Documento: '000.xml'
Path:      '/article[1]/bdy[1]/p[2]'

Word:      'some'
Documento: '000.xml'
Path:      '/article[1]/bdy[1]/p[2]'

Word:      'time,'
Documento: '000.xml'
Path:      '/article[1]/bdy[1]/p[2]'

Word:      'and'
Documento: '000.xml'
Path:      '/article[1]/bdy[1]/p[2]'

Word:      'we'
Documento: '000.xml'
Path:      '/article[1]/bdy[1]/p[2]'

Word:      'are'
Documento: '000.xml'
Path:      '/article[1]/bdy[1]/p[2]'

Word:      'grateful'
Documento: '000.xml'
Path:      '/article[1]/bdy[1]/p[2]'

Word:      'to'
Documento: '000.xml'
Path:      '/article[1]/bdy[1]/p[2]'

Word:      'the'
Documento: '000.xml'
Path:      '/article[1]/bdy[1]/p[2]'

Word:      'authors'
Documento: '000.xml'
Path:      '/article[1]/bdy[1]/p[2]'

Word:      'for'
Documento: '000.xml'
Path:      '/article[1]/bdy[1]/p[2]'

Word:      'having'
Documento: '000.xml'
Path:      '/article[1]/bdy[1]/p[2]'

Word:      'stuck'
Documento: '000.xml'
Path:      '/article[1]/bdy[1]/p[2]'

Word:      'with'
Documento: '000.xml'
Path:      '/article[1]/bdy[1]/p[2]'

Word:      'us'
Documento: '000.xml'
Path:      '/article[1]/bdy[1]/p[2]'

Word:      'while'
Documento: '000.xml'
Path:      '/article[1]/bdy[1]/p[2]'

Word:      'we'
Documento: '000.xml'
Path:      '/article[1]/bdy[1]/p[2]'

Word:      'reviewed,'
Documento: '000.xml'
Path:      '/article[1]/bdy[1]/p[2]'

Word:      'rereviewed,'
Documento: '000.xml'
Path:      '/article[1]/bdy[1]/p[2]'

Word:      'and'
Documento: '000.xml'
Path:      '/article[1]/bdy[1]/p[2]'

Word:      'reworked'
Documento: '000.xml'
Path:      '/article[1]/bdy[1]/p[2]'

Word:      'their'
Documento: '000.xml'
Path:      '/article[1]/bdy[1]/p[2]'

Word:      'papers.'
Documento: '000.xml'
Path:      '/article[1]/bdy[1]/p[2]'

Word:      'Articles'
Documento: '000.xml'
Path:      '/article[1]/bdy[1]/p[2]'

Word:      'in'
Documento: '000.xml'
Path:      '/article[1]/bdy[1]/p[2]'

Word:      'the'
Documento: '000.xml'
Path:      '/article[1]/bdy[1]/p[2]'

Word:      'field'
Documento: '000.xml'
Path:      '/article[1]/bdy[1]/p[2]'

Word:      'of'
Documento: '000.xml'
Path:      '/article[1]/bdy[1]/p[2]'

Word:      'history'
Documento: '000.xml'
Path:      '/article[1]/bdy[1]/p[2]'

Word:      'do'
Documento: '000.xml'
Path:      '/article[1]/bdy[1]/p[2]'

Word:      'not'
Documento: '000.xml'
Path:      '/article[1]/bdy[1]/p[2]'

Word:      'always'
Documento: '000.xml'
Path:      '/article[1]/bdy[1]/p[2]'

Word:      'present'
Documento: '000.xml'
Path:      '/article[1]/bdy[1]/p[2]'

Word:      'the'
Documento: '000.xml'
Path:      '/article[1]/bdy[1]/p[2]'

Word:      'work'
Documento: '000.xml'
Path:      '/article[1]/bdy[1]/p[2]'

Word:      'of'
Documento: '000.xml'
Path:      '/article[1]/bdy[1]/p[2]'

Word:      'the'
Documento: '000.xml'
Path:      '/article[1]/bdy[1]/p[2]'

Word:      'authors'
Documento: '000.xml'
Path:      '/article[1]/bdy[1]/p[2]'

Word:      'themselves'
Documento: '000.xml'
Path:      '/article[1]/bdy[1]/p[2]'

Word:      '(though'
Documento: '000.xml'
Path:      '/article[1]/bdy[1]/p[2]'

Word:      'we'
Documento: '000.xml'
Path:      '/article[1]/bdy[1]/p[2]'

Word:      'welcome'
Documento: '000.xml'
Path:      '/article[1]/bdy[1]/p[2]'

Word:      'pioneers'
Documento: '000.xml'
Path:      '/article[1]/bdy[1]/p[2]'

Word:      'to'
Documento: '000.xml'
Path:      '/article[1]/bdy[1]/p[2]'

Word:      'give'
Documento: '000.xml'
Path:      '/article[1]/bdy[1]/p[2]'

Word:      'us'
Documento: '000.xml'
Path:      '/article[1]/bdy[1]/p[2]'

Word:      'their'
Documento: '000.xml'
Path:      '/article[1]/bdy[1]/p[2]'

Word:      'own'
Documento: '000.xml'
Path:      '/article[1]/bdy[1]/p[2]'

Word:      'stories,'
Documento: '000.xml'
Path:      '/article[1]/bdy[1]/p[2]'

Word:      'as'
Documento: '000.xml'
Path:      '/article[1]/bdy[1]/p[2]'

Word:      'in'
Documento: '000.xml'
Path:      '/article[1]/bdy[1]/p[2]'

Word:      'the'
Documento: '000.xml'
Path:      '/article[1]/bdy[1]/p[2]'

Word:      'case'
Documento: '000.xml'
Path:      '/article[1]/bdy[1]/p[2]'

Word:      'of'
Documento: '000.xml'
Path:      '/article[1]/bdy[1]/p[2]'

Word:      'the'
Documento: '000.xml'
Path:      '/article[1]/bdy[1]/p[2]'

Word:      '1935'
Documento: '000.xml'
Path:      '/article[1]/bdy[1]/p[2]'

Word:      'article'
Documento: '000.xml'
Path:      '/article[1]/bdy[1]/p[2]'

Word:      'by'
Documento: '000.xml'
Path:      '/article[1]/bdy[1]/p[2]'

Word:      'John'
Documento: '000.xml'
Path:      '/article[1]/bdy[1]/p[2]'

Word:      'McPherson'
Documento: '000.xml'
Path:      '/article[1]/bdy[1]/p[2]'

Word:      'in'
Documento: '000.xml'
Path:      '/article[1]/bdy[1]/p[2]'

Word:      'this'
Documento: '000.xml'
Path:      '/article[1]/bdy[1]/p[2]'

Word:      'issue);'
Documento: '000.xml'
Path:      '/article[1]/bdy[1]/p[2]'

Word:      'thus,'
Documento: '000.xml'
Path:      '/article[1]/bdy[1]/p[2]'

Word:      'answering'
Documento: '000.xml'
Path:      '/article[1]/bdy[1]/p[2]'

Word:      'the'
Documento: '000.xml'
Path:      '/article[1]/bdy[1]/p[2]'

Word:      'question'
Documento: '000.xml'
Path:      '/article[1]/bdy[1]/p[2]'

Word:      'is'
Documento: '000.xml'
Path:      '/article[1]/bdy[1]/p[2]'

Word:      'it'
Documento: '000.xml'
Path:      '/article[1]/bdy[1]/p[2]'

Word:      'accurate?'
Documento: '000.xml'
Path:      '/article[1]/bdy[1]/p[2]'

Word:      'is'
Documento: '000.xml'
Path:      '/article[1]/bdy[1]/p[2]'

Word:      'not'
Documento: '000.xml'
Path:      '/article[1]/bdy[1]/p[2]'

Word:      'always'
Documento: '000.xml'
Path:      '/article[1]/bdy[1]/p[2]'

Word:      'easy.'
Documento: '000.xml'
Path:      '/article[1]/bdy[1]/p[2]'

Word:      'In'
Documento: '000.xml'
Path:      '/article[1]/bdy[1]/p[2]'

Word:      'fact,'
Documento: '000.xml'
Path:      '/article[1]/bdy[1]/p[2]'

Word:      'we'
Documento: '000.xml'
Path:      '/article[1]/bdy[1]/p[2]'

Word:      'ask'
Documento: '000.xml'
Path:      '/article[1]/bdy[1]/p[2]'

Word:      'our'
Documento: '000.xml'
Path:      '/article[1]/bdy[1]/p[2]'

Word:      'referees'
Documento: '000.xml'
Path:      '/article[1]/bdy[1]/p[2]'

Word:      'to'
Documento: '000.xml'
Path:      '/article[1]/bdy[1]/p[2]'

Word:      'answer'
Documento: '000.xml'
Path:      '/article[1]/bdy[1]/p[2]'

Word:      'the'
Documento: '000.xml'
Path:      '/article[1]/bdy[1]/p[2]'

Word:      'following'
Documento: '000.xml'
Path:      '/article[1]/bdy[1]/p[2]'

Word:      'questions'
Documento: '000.xml'
Path:      '/article[1]/bdy[1]/p[2]'

Word:      'about'
Documento: '000.xml'
Path:      '/article[1]/bdy[1]/p[2]'

Word:      'each'
Documento: '000.xml'
Path:      '/article[1]/bdy[1]/p[2]'

Word:      'manuscript,'
Documento: '000.xml'
Path:      '/article[1]/bdy[1]/p[2]'

Word:      'and'
Documento: '000.xml'
Path:      '/article[1]/bdy[1]/p[2]'

Word:      'their'
Documento: '000.xml'
Path:      '/article[1]/bdy[1]/p[2]'

Word:      'responses'
Documento: '000.xml'
Path:      '/article[1]/bdy[1]/p[2]'

Word:      'determine'
Documento: '000.xml'
Path:      '/article[1]/bdy[1]/p[2]'

Word:      'whether'
Documento: '000.xml'
Path:      '/article[1]/bdy[1]/p[2]'

Word:      'we'
Documento: '000.xml'
Path:      '/article[1]/bdy[1]/p[2]'

Word:      'accept'
Documento: '000.xml'
Path:      '/article[1]/bdy[1]/p[2]'

Word:      'the'
Documento: '000.xml'
Path:      '/article[1]/bdy[1]/p[2]'

Word:      'manuscript'
Documento: '000.xml'
Path:      '/article[1]/bdy[1]/p[2]'

Word:      'as'
Documento: '000.xml'
Path:      '/article[1]/bdy[1]/p[2]'

Word:      'is'
Documento: '000.xml'
Path:      '/article[1]/bdy[1]/p[2]'

Word:      'or'
Documento: '000.xml'
Path:      '/article[1]/bdy[1]/p[2]'

Word:      'whether'
Documento: '000.xml'
Path:      '/article[1]/bdy[1]/p[2]'

Word:      'we'
Documento: '000.xml'
Path:      '/article[1]/bdy[1]/p[2]'

Word:      'ask'
Documento: '000.xml'
Path:      '/article[1]/bdy[1]/p[2]'

Word:      'the'
Documento: '000.xml'
Path:      '/article[1]/bdy[1]/p[2]'

Word:      'author(s)'
Documento: '000.xml'
Path:      '/article[1]/bdy[1]/p[2]'

Word:      'to'
Documento: '000.xml'
Path:      '/article[1]/bdy[1]/p[2]'

Word:      'revise'
Documento: '000.xml'
Path:      '/article[1]/bdy[1]/p[2]'

Word:      'the'
Documento: '000.xml'
Path:      '/article[1]/bdy[1]/p[2]'

Word:      'material:'
Documento: '000.xml'
Path:      '/article[1]/bdy[1]/p[2]'

Word:      '
'
Documento: '000.xml'
Path:      '/article[1]/bdy[1]'

Word:      '
'
Documento: '000.xml'
Path:      '/article[1]/bdy[1]/l2[1]'

Word:      '
'
Documento: '000.xml'
Path:      '/article[1]/bdy[1]/l2[1]/li[1]'

Word:      'Are'
Documento: '000.xml'
Path:      '/article[1]/bdy[1]/l2[1]/li[1]/p[1]'

Word:      'the'
Documento: '000.xml'
Path:      '/article[1]/bdy[1]/l2[1]/li[1]/p[1]'

Word:      'issues'
Documento: '000.xml'
Path:      '/article[1]/bdy[1]/l2[1]/li[1]/p[1]'

Word:      'addressed'
Documento: '000.xml'
Path:      '/article[1]/bdy[1]/l2[1]/li[1]/p[1]'

Word:      'in'
Documento: '000.xml'
Path:      '/article[1]/bdy[1]/l2[1]/li[1]/p[1]'

Word:      'the'
Documento: '000.xml'
Path:      '/article[1]/bdy[1]/l2[1]/li[1]/p[1]'

Word:      'paper'
Documento: '000.xml'
Path:      '/article[1]/bdy[1]/l2[1]/li[1]/p[1]'

Word:      'stated'
Documento: '000.xml'
Path:      '/article[1]/bdy[1]/l2[1]/li[1]/p[1]'

Word:      'clearly'
Documento: '000.xml'
Path:      '/article[1]/bdy[1]/l2[1]/li[1]/p[1]'

Word:      'enough?'
Documento: '000.xml'
Path:      '/article[1]/bdy[1]/l2[1]/li[1]/p[1]'

Word:      '
'
Documento: '000.xml'
Path:      '/article[1]/bdy[1]/l2[1]'

Word:      '
'
Documento: '000.xml'
Path:      '/article[1]/bdy[1]/l2[1]/li[2]'

Word:      'What'
Documento: '000.xml'
Path:      '/article[1]/bdy[1]/l2[1]/li[2]/p[1]'

Word:      'is'
Documento: '000.xml'
Path:      '/article[1]/bdy[1]/l2[1]/li[2]/p[1]'

Word:      'right'
Documento: '000.xml'
Path:      '/article[1]/bdy[1]/l2[1]/li[2]/p[1]'

Word:      'or'
Documento: '000.xml'
Path:      '/article[1]/bdy[1]/l2[1]/li[2]/p[1]'

Word:      'wrong?'
Documento: '000.xml'
Path:      '/article[1]/bdy[1]/l2[1]/li[2]/p[1]'

Word:      '
'
Documento: '000.xml'
Path:      '/article[1]/bdy[1]/l2[1]'

Word:      '
'
Documento: '000.xml'
Path:      '/article[1]/bdy[1]/l2[1]/li[3]'

Word:      'Are'
Documento: '000.xml'
Path:      '/article[1]/bdy[1]/l2[1]/li[3]/p[1]'

Word:      'the'
Documento: '000.xml'
Path:      '/article[1]/bdy[1]/l2[1]/li[3]/p[1]'

Word:      'facts'
Documento: '000.xml'
Path:      '/article[1]/bdy[1]/l2[1]/li[3]/p[1]'

Word:      'correct?'
Documento: '000.xml'
Path:      '/article[1]/bdy[1]/l2[1]/li[3]/p[1]'

Word:      '
'
Documento: '000.xml'
Path:      '/article[1]/bdy[1]/l2[1]'

Word:      '
'
Documento: '000.xml'
Path:      '/article[1]/bdy[1]/l2[1]/li[4]'

Word:      'Is'
Documento: '000.xml'
Path:      '/article[1]/bdy[1]/l2[1]/li[4]/p[1]'

Word:      'documentation'
Documento: '000.xml'
Path:      '/article[1]/bdy[1]/l2[1]/li[4]/p[1]'

Word:      'for'
Documento: '000.xml'
Path:      '/article[1]/bdy[1]/l2[1]/li[4]/p[1]'

Word:      'facts'
Documento: '000.xml'
Path:      '/article[1]/bdy[1]/l2[1]/li[4]/p[1]'

Word:      'and'
Documento: '000.xml'
Path:      '/article[1]/bdy[1]/l2[1]/li[4]/p[1]'

Word:      'even'
Documento: '000.xml'
Path:      '/article[1]/bdy[1]/l2[1]/li[4]/p[1]'

Word:      'opinions'
Documento: '000.xml'
Path:      '/article[1]/bdy[1]/l2[1]/li[4]/p[1]'

Word:      'appropriate'
Documento: '000.xml'
Path:      '/article[1]/bdy[1]/l2[1]/li[4]/p[1]'

Word:      'and'
Documento: '000.xml'
Path:      '/article[1]/bdy[1]/l2[1]/li[4]/p[1]'

Word:      'sufficient?'
Documento: '000.xml'
Path:      '/article[1]/bdy[1]/l2[1]/li[4]/p[1]'

Word:      'Are'
Documento: '000.xml'
Path:      '/article[1]/bdy[1]/l2[1]/li[4]/p[1]'

Word:      'statements'
Documento: '000.xml'
Path:      '/article[1]/bdy[1]/l2[1]/li[4]/p[1]'

Word:      'substantiated?'
Documento: '000.xml'
Path:      '/article[1]/bdy[1]/l2[1]/li[4]/p[1]'

Word:      '
'
Documento: '000.xml'
Path:      '/article[1]/bdy[1]/l2[1]'

Word:      '
'
Documento: '000.xml'
Path:      '/article[1]/bdy[1]/l2[1]/li[5]'

Word:      'Are'
Documento: '000.xml'
Path:      '/article[1]/bdy[1]/l2[1]/li[5]/p[1]'

Word:      'modern'
Documento: '000.xml'
Path:      '/article[1]/bdy[1]/l2[1]/li[5]/p[1]'

Word:      'concepts'
Documento: '000.xml'
Path:      '/article[1]/bdy[1]/l2[1]/li[5]/p[1]'

Word:      'being'
Documento: '000.xml'
Path:      '/article[1]/bdy[1]/l2[1]/li[5]/p[1]'

Word:      'used'
Documento: '000.xml'
Path:      '/article[1]/bdy[1]/l2[1]/li[5]/p[1]'

Word:      'inappropriately'
Documento: '000.xml'
Path:      '/article[1]/bdy[1]/l2[1]/li[5]/p[1]'

Word:      'to'
Documento: '000.xml'
Path:      '/article[1]/bdy[1]/l2[1]/li[5]/p[1]'

Word:      'interpret'
Documento: '000.xml'
Path:      '/article[1]/bdy[1]/l2[1]/li[5]/p[1]'

Word:      'and/or'
Documento: '000.xml'
Path:      '/article[1]/bdy[1]/l2[1]/li[5]/p[1]'

Word:      'evaluate'
Documento: '000.xml'
Path:      '/article[1]/bdy[1]/l2[1]/li[5]/p[1]'

Word:      'earlier'
Documento: '000.xml'
Path:      '/article[1]/bdy[1]/l2[1]/li[5]/p[1]'

Word:      'developments,'
Documento: '000.xml'
Path:      '/article[1]/bdy[1]/l2[1]/li[5]/p[1]'

Word:      'i.e.,'
Documento: '000.xml'
Path:      '/article[1]/bdy[1]/l2[1]/li[5]/p[1]'

Word:      'is'
Documento: '000.xml'
Path:      '/article[1]/bdy[1]/l2[1]/li[5]/p[1]'

Word:      'it'
Documento: '000.xml'
Path:      '/article[1]/bdy[1]/l2[1]/li[5]/p[1]'

Word:      'a'
Documento: '000.xml'
Path:      '/article[1]/bdy[1]/l2[1]/li[5]/p[1]'

Word:      'Whiggish'
Documento: '000.xml'
Path:      '/article[1]/bdy[1]/l2[1]/li[5]/p[1]'

Word:      'approach?'
Documento: '000.xml'
Path:      '/article[1]/bdy[1]/l2[1]/li[5]/p[1]'

Word:      '
'
Documento: '000.xml'
Path:      '/article[1]/bdy[1]/l2[1]'

Word:      '
'
Documento: '000.xml'
Path:      '/article[1]/bdy[1]/l2[1]/li[6]'

Word:      'Does'
Documento: '000.xml'
Path:      '/article[1]/bdy[1]/l2[1]/li[6]/p[1]'

Word:      'the'
Documento: '000.xml'
Path:      '/article[1]/bdy[1]/l2[1]/li[6]/p[1]'

Word:      'paper'
Documento: '000.xml'
Path:      '/article[1]/bdy[1]/l2[1]/li[6]/p[1]'

Word:      'add'
Documento: '000.xml'
Path:      '/article[1]/bdy[1]/l2[1]/li[6]/p[1]'

Word:      'to'
Documento: '000.xml'
Path:      '/article[1]/bdy[1]/l2[1]/li[6]/p[1]'

Word:      'the'
Documento: '000.xml'
Path:      '/article[1]/bdy[1]/l2[1]/li[6]/p[1]'

Word:      'public'
Documento: '000.xml'
Path:      '/article[1]/bdy[1]/l2[1]/li[6]/p[1]'

Word:      'knowledge'
Documento: '000.xml'
Path:      '/article[1]/bdy[1]/l2[1]/li[6]/p[1]'

Word:      'and/or'
Documento: '000.xml'
Path:      '/article[1]/bdy[1]/l2[1]/li[6]/p[1]'

Word:      'literature'
Documento: '000.xml'
Path:      '/article[1]/bdy[1]/l2[1]/li[6]/p[1]'

Word:      'of'
Documento: '000.xml'
Path:      '/article[1]/bdy[1]/l2[1]/li[6]/p[1]'

Word:      'the'
Documento: '000.xml'
Path:      '/article[1]/bdy[1]/l2[1]/li[6]/p[1]'

Word:      'subject?'
Documento: '000.xml'
Path:      '/article[1]/bdy[1]/l2[1]/li[6]/p[1]'

Word:      '
'
Documento: '000.xml'
Path:      '/article[1]/bdy[1]/l2[1]'

Word:      '
'
Documento: '000.xml'
Path:      '/article[1]/bdy[1]/l2[1]/li[7]'

Word:      'Does'
Documento: '000.xml'
Path:      '/article[1]/bdy[1]/l2[1]/li[7]/p[1]'

Word:      'the'
Documento: '000.xml'
Path:      '/article[1]/bdy[1]/l2[1]/li[7]/p[1]'

Word:      'paper'
Documento: '000.xml'
Path:      '/article[1]/bdy[1]/l2[1]/li[7]/p[1]'

Word:      'provide'
Documento: '000.xml'
Path:      '/article[1]/bdy[1]/l2[1]/li[7]/p[1]'

Word:      'a'
Documento: '000.xml'
Path:      '/article[1]/bdy[1]/l2[1]/li[7]/p[1]'

Word:      'balanced'
Documento: '000.xml'
Path:      '/article[1]/bdy[1]/l2[1]/li[7]/p[1]'

Word:      'presentation'
Documento: '000.xml'
Path:      '/article[1]/bdy[1]/l2[1]/li[7]/p[1]'

Word:      'regarding'
Documento: '000.xml'
Path:      '/article[1]/bdy[1]/l2[1]/li[7]/p[1]'

Word:      'the'
Documento: '000.xml'
Path:      '/article[1]/bdy[1]/l2[1]/li[7]/p[1]'

Word:      'environment'
Documento: '000.xml'
Path:      '/article[1]/bdy[1]/l2[1]/li[7]/p[1]'

Word:      'in'
Documento: '000.xml'
Path:      '/article[1]/bdy[1]/l2[1]/li[7]/p[1]'

Word:      'which'
Documento: '000.xml'
Path:      '/article[1]/bdy[1]/l2[1]/li[7]/p[1]'

Word:      'the'
Documento: '000.xml'
Path:      '/article[1]/bdy[1]/l2[1]/li[7]/p[1]'

Word:      'reported'
Documento: '000.xml'
Path:      '/article[1]/bdy[1]/l2[1]/li[7]/p[1]'

Word:      'activity'
Documento: '000.xml'
Path:      '/article[1]/bdy[1]/l2[1]/li[7]/p[1]'

Word:      'was'
Documento: '000.xml'
Path:      '/article[1]/bdy[1]/l2[1]/li[7]/p[1]'

Word:      'initiated,'
Documento: '000.xml'
Path:      '/article[1]/bdy[1]/l2[1]/li[7]/p[1]'

Word:      'the'
Documento: '000.xml'
Path:      '/article[1]/bdy[1]/l2[1]/li[7]/p[1]'

Word:      'activity'
Documento: '000.xml'
Path:      '/article[1]/bdy[1]/l2[1]/li[7]/p[1]'

Word:      'itself,'
Documento: '000.xml'
Path:      '/article[1]/bdy[1]/l2[1]/li[7]/p[1]'

Word:      'and'
Documento: '000.xml'
Path:      '/article[1]/bdy[1]/l2[1]/li[7]/p[1]'

Word:      'the'
Documento: '000.xml'
Path:      '/article[1]/bdy[1]/l2[1]/li[7]/p[1]'

Word:      'resulting'
Documento: '000.xml'
Path:      '/article[1]/bdy[1]/l2[1]/li[7]/p[1]'

Word:      'impact'
Documento: '000.xml'
Path:      '/article[1]/bdy[1]/l2[1]/li[7]/p[1]'

Word:      'on'
Documento: '000.xml'
Path:      '/article[1]/bdy[1]/l2[1]/li[7]/p[1]'

Word:      'the'
Documento: '000.xml'
Path:      '/article[1]/bdy[1]/l2[1]/li[7]/p[1]'

Word:      'world?'
Documento: '000.xml'
Path:      '/article[1]/bdy[1]/l2[1]/li[7]/p[1]'

Word:      '
'
Documento: '000.xml'
Path:      '/article[1]/bdy[1]/l2[1]'

Word:      '
'
Documento: '000.xml'
Path:      '/article[1]/bdy[1]'

